<?xml version="1.0" encoding="utf-8"?><testsuites name="pytest tests"><testsuite name="pytest" errors="0" failures="0" skipped="1" tests="90" time="26.132" timestamp="2026-09-25T00:55:16.146335+05:30" hostname="Aarush_Omen"><testcase classname="backend.tests.test_api_versions" name="test_end_to_end_api_and_source_snapshot" time="0.138" /><testcase classname="backend.tests.test_api_versions" name="test_git_versions_added_removed_modified_edges_and_ranks" time="1.000" /><testcase classname="backend.tests.test_audit_reliability" name="test_invalid_requests_and_empty_source" time="0.069" /><testcase classname="backend.tests.test_audit_reliability" name="test_corrupt_index_is_rejected_and_explicit_reindex_recovers" time="0.132" /><testcase classname="backend.tests.test_audit_reliability" name="test_missing_database_read_does_not_create_file" time="0.004" /><testcase classname="backend.tests.test_audit_reliability" name="test_indexed_revision_expression_remains_in_version_selector" time="0.466" /><testcase classname="backend.tests.test_audit_reliability" name="test_cross_file_neighborhood_depth_and_callsite_evidence" time="0.134" /><testcase classname="backend.tests.test_audit_reliability" name="test_reindex_reuses_cached_embeddings_for_unchanged_chunks" time="0.111" /><testcase classname="backend.tests.test_audit_retrieval" name="test_sparse_bm25_matches_reference_including_repeated_tokens" time="0.003" /><testcase classname="backend.tests.test_core" name="test_parser_spans_parameters_arrows_classes_unicode" time="0.002" /><testcase classname="backend.tests.test_core" name="test_imports_instances_cycles_aliases_and_determinism" time="0.004" /><testcase classname="backend.tests.test_core" name="test_no_phantom_edges_dynamic_shadowed_duplicate_names" time="0.002" /><testcase classname="backend.tests.test_core" name="test_default_import_remains_outside_supported_resolution" time="0.002" /><testcase classname="backend.tests.test_core" name="test_sequence_is_direct_block_only" time="0.002" /><testcase classname="backend.tests.test_core" name="test_reassignment_and_nested_function_this_are_not_verified" time="0.001" /><testcase classname="backend.tests.test_core" name="test_module_chunks_are_bounded_and_jsx_parses" time="0.010" /><testcase classname="backend.tests.test_core" name="test_discovery_filters_and_does_not_execute" time="0.012" /><testcase classname="backend.tests.test_core" name="test_real_lexical_search_graph_and_cache" time="0.080" /><testcase classname="backend.tests.test_core" name="test_agent_refines_from_observed_symbols" time="0.066" /><testcase classname="backend.tests.test_core" name="test_empty_and_single_document_retrieval" time="0.044" /><testcase classname="backend.tests.test_dataset_adapter" name="test_beir_export_adapter_preserves_ids_and_validates_qrels" time="0.030" /><testcase classname="backend.tests.test_enrichment" name="test_real_typescript_enrichment_confirms_imported_calls" time="0.323" /><testcase classname="backend.tests.test_enrichment" name="test_language_service_enrichment_failure_is_nonfatal" time="0.001" /><testcase classname="backend.tests.test_metrics_semantic" name="test_metrics_graded_order_duplicates_and_missing" time="0.001" /><testcase classname="backend.tests.test_metrics_semantic" name="test_actual_cpu_semantic_retrieval_and_persisted_vectors" time="0.574" /><testcase classname="backend.tests.test_regressions" name="test_unsupported_cases_remain_unresolved_even_with_enrichment[function target(){} function run(){try {throw ()=&gt;42;} catch(target){target();}}]" time="0.304" /><testcase classname="backend.tests.test_regressions" name="test_unsupported_cases_remain_unresolved_even_with_enrichment[function target(){} function run(callbacks){for (const target of callbacks) target();}]" time="0.292" /><testcase classname="backend.tests.test_regressions" name="test_unsupported_cases_remain_unresolved_even_with_enrichment[function target(){} function run(replacement){target=replacement; target();}]" time="0.302" /><testcase classname="backend.tests.test_regressions" name="test_unsupported_cases_remain_unresolved_even_with_enrichment[function target(){} function run(){ target(); const x = ; }]" time="0.295" /><testcase classname="backend.tests.test_regressions" name="test_unsupported_cases_remain_unresolved_even_with_enrichment[class A{go(){}} class R{constructor(flag){if(flag){this.a=new A();}} run(){this.a.go();}}]" time="0.310" /><testcase classname="backend.tests.test_regressions" name="test_unsupported_cases_remain_unresolved_even_with_enrichment[class A{go(){}} class R{setup(){this.a=new A();} run(){this.a.go();}}]" time="0.308" /><testcase classname="backend.tests.test_regressions" name="test_unsupported_cases_remain_unresolved_even_with_enrichment[class A{go(){}} class R{constructor(){this.a=new A();} run(){delete this.a; this.a.go();}}]" time="0.303" /><testcase classname="backend.tests.test_regressions" name="test_unsupported_cases_remain_unresolved_even_with_enrichment[class A{static go(){}} class R{constructor(){this.a=new A();} run(){this.a.go();}}]" time="0.299" /><testcase classname="backend.tests.test_regressions" name="test_unsupported_cases_remain_unresolved_even_with_enrichment[class A{go(){}} class R{constructor(){this.a=new A();} run(x){this['a']=x; this.a.go();}}]" time="0.305" /><testcase classname="backend.tests.test_regressions" name="test_unsupported_cases_remain_unresolved_even_with_enrichment[class R{go(){const f=()=&gt;42;} run(replacement){this.go=replacement; this.go();}}]" time="0.305" /><testcase classname="backend.tests.test_regressions" name="test_unsupported_cases_remain_unresolved_even_with_enrichment[class A{go(){}} class R{constructor(A){this.a=new A();} run(){this.a.go();}}]" time="0.307" /><testcase classname="backend.tests.test_regressions" name="test_unsupported_cases_remain_unresolved_even_with_enrichment[class A{go(){}} class R{static run(){this.go();} go(){}}]" time="0.306" /><testcase classname="backend.tests.test_regressions" name="test_unsupported_cases_remain_unresolved_even_with_enrichment[class A{get go(){return ()=&gt;42;}} class R{constructor(){this.a=new A();} run(){this.a.go();}}]" time="0.318" /><testcase classname="backend.tests.test_regressions" name="test_duplicate_same_line_ids_do_not_crash_index" time="0.036" /><testcase classname="backend.tests.test_regressions" name="test_edge_multiplicity_and_line_movement" time="0.084" /><testcase classname="backend.tests.test_regressions" name="test_sequence_pair_direction_and_early_exits" time="0.087" /><testcase classname="backend.tests.test_regressions" name="test_supported_spans_and_reversed_traversal" time="0.002" /><testcase classname="backend.tests.test_regressions" name="test_frozen_import_boundaries[import A from './b.js';]" time="0.002" /><testcase classname="backend.tests.test_regressions" name="test_frozen_import_boundaries[import { A as Alias } from './b.js';]" time="0.003" /><testcase classname="backend.tests.test_regressions" name="test_frozen_import_boundaries[import * as ns from './b.js';]" time="0.003" /><testcase classname="backend.tests.test_regressions" name="test_security_guards_and_size_bounds" time="0.051" /><testcase classname="backend.tests.test_regressions" name="test_utf8_crlf_source_coordinates" time="0.002" /><testcase classname="backend.tests.test_regressions" name="test_map_and_passive_checkpoint" time="0.094" /><testcase classname="backend.tests.test_regressions" name="test_trace_ambiguity_and_depth_limits" time="0.002" /><testcase classname="benchmark.test_analyze_baseline" name="test_pack_rebuilds_identical_runs_and_analysis_uses_packed_files" time="0.545" /><testcase classname="benchmark.test_analyze_baseline" name="test_synthetic_data_is_flagged_as_not_the_real_benchmark" time="0.331" /><testcase classname="benchmark.test_analyze_baseline" name="test_oracle_equals_hit_rate_with_one_relevant_document" time="0.279" /><testcase classname="benchmark.test_analyze_baseline" name="test_tampered_run_is_rejected" time="0.264" /><testcase classname="benchmark.test_analyze_baseline" name="test_reports_are_written" time="0.308" /><testcase classname="benchmark.test_analyze_corpus" name="test_percentiles_matches_known_values" time="0.001" /><testcase classname="benchmark.test_analyze_corpus" name="test_percentiles_handles_single_value" time="0.001" /><testcase classname="benchmark.test_dev_split" name="test_query_ids_and_qrels_accepts_plain_dict_qrels" time="0.001" /><testcase classname="benchmark.test_dev_split" name="test_query_ids_and_qrels_converts_hf_dataset_style_qrels" time="0.001" /><testcase classname="benchmark.test_dev_split" name="test_split_is_deterministic_disjoint_and_excludes_queries_without_positives" time="0.018" /><testcase classname="benchmark.test_precompute_alignment" name="test_fixed_embeddings_realign_by_id_not_position" time="0.624" /><testcase classname="benchmark.test_precompute_alignment" name="test_fixed_cache_without_id_metadata_is_rejected_not_silently_misaligned" time="0.014" /><testcase classname="benchmark.test_precompute_alignment" name="test_fixed_cache_rejects_mismatched_document_ids" time="0.014" /><testcase classname="benchmark.test_reranker" name="test_candidates_passed_to_reranker_and_scores_mapped" time="0.001" /><testcase classname="benchmark.test_reranker" name="test_descending_scores_and_deterministic_ties" time="0.001" /><testcase classname="benchmark.test_reranker" name="test_top_k_candidate_limits_respected" time="0.001" /><testcase classname="benchmark.test_reranker" name="test_reranker_failures_are_visible" time="0.002" /><testcase classname="benchmark.test_reranker" name="test_model_is_initialized_once_via_singleton" time="0.001" /><testcase classname="benchmark.test_reranker" name="test_original_hybrid_ranking_preserved_when_reranking_disabled" time="0.002" /><testcase classname="benchmark.test_reranker" name="test_no_benchmark_labels_leaked" time="0.001" /><testcase classname="benchmark.test_rrf_reconstruction" name="test_rrf_formula_toy_case" time="0.001" /><testcase classname="benchmark.test_rrf_reconstruction" name="test_frozen_baseline_v1_rrf_exact_reconstruction" time="5.270" /><testcase classname="benchmark.test_trust_evaluation" name="test_case1_relevant_at_rank_one_is_perfect" time="0.040" /><testcase classname="benchmark.test_trust_evaluation" name="test_case2_relevant_document_absent_scores_zero" time="0.028" /><testcase classname="benchmark.test_trust_evaluation" name="test_case3_lower_rank_scores_lower" time="0.020" /><testcase classname="benchmark.test_trust_evaluation" name="test_case4_graded_relevance_uses_linear_gain" time="0.019" /><testcase classname="benchmark.test_trust_evaluation" name="test_case5_query_with_no_results_counts_as_zero" time="0.019" /><testcase classname="benchmark.test_trust_evaluation" name="test_case5b_mteb_style_averaging_only_drops_absent_query_keys" time="0.001" /><testcase classname="benchmark.test_trust_evaluation" name="test_case6_tied_raw_scores_are_resolved_by_final_rank" time="0.047" /><testcase classname="benchmark.test_trust_evaluation" name="test_duplicate_documents_are_rejected" time="0.005" /><testcase classname="benchmark.test_trust_evaluation" name="test_randomized_cross_evaluator_agreement" time="0.204" /><testcase classname="benchmark.test_tune_bm25" name="test_load_corpus_and_queries_builds_sorted_unique_chunks" time="0.001" /><testcase classname="benchmark.test_tune_bm25" name="test_evaluate_config_ranks_the_lexically_matching_document_first" time="0.002" /><testcase classname="benchmark.test_tune_bm25" name="test_evaluate_config_is_sensitive_to_k1_b_but_stable_for_a_clear_match" time="0.002" /><testcase classname="benchmark.test_tune_bm25" name="test_main_grid_search_end_to_end" time="0.144" /><testcase classname="benchmark.test_verify_retrieval" name="test_bm25_pipeline_end_to_end" time="0.192" /><testcase classname="benchmark.test_verify_retrieval" name="test_dense_and_hybrid_pipeline_with_injected_encoder" time="0.254" /><testcase classname="benchmark.test_verify_retrieval" name="test_duplicate_corpus_ids_fail_loudly" time="0.028" /><testcase classname="benchmark.test_verify_retrieval" name="test_wrong_dataset_revision_fails_loudly" time="0.013" /><testcase classname="benchmark.test_verify_retrieval" name="test_published_count_check_rejects_wrong_corpus" time="0.007"><skipped type="pytest.skip" message="mteb not installed">C:\Users\aarus\Downloads\ASTFLOW-main\ASTFLOW-repo\benchmark\test_verify_retrieval.py:95: mteb not installed</skipped></testcase><testcase classname="benchmark.test_verify_retrieval" name="test_self_test_passes" time="0.163" /></testsuite></testsuites>