<?xml version="1.0" encoding="utf-8"?><testsuites name="pytest tests"><testsuite name="pytest" errors="7" failures="6" skipped="1" tests="90" time="41.845" timestamp="2026-09-25T00:48:02.102337+05:30" hostname="Aarush_Omen"><testcase classname="backend.tests.test_api_versions" name="test_end_to_end_api_and_source_snapshot" time="0.068"><failure message="AssertionError: {&quot;detail&quot;:&quot;No supported JavaScript source files were found&quot;}&#10;assert 400 == 200&#10; +  where 400 = &lt;Response [400 Bad Request]&gt;.status_code">tmp_path = WindowsPath('C:/Users/aarus/AppData/Local/Temp/pytest-of-aarus/pytest-7/test_end_to_end_api_and_source0')

    def test_end_to_end_api_and_source_snapshot(tmp_path):
        app = create_app(Settings(cache=tmp_path / "cache", semantic="off", ts_enrich=False))
        client = TestClient(app)
        assert client.get("/api/health").status_code == 200
        response = client.post("/api/index", json={"repo_path": str(ROOT / "examples/demo-repo"), "background": False})
&gt;       assert response.status_code == 200, response.text
E       AssertionError: {"detail":"No supported JavaScript source files were found"}
E       assert 400 == 200
E        +  where 400 = &lt;Response [400 Bad Request]&gt;.status_code

backend\tests\test_api_versions.py:15: AssertionError</failure></testcase><testcase classname="backend.tests.test_api_versions" name="test_git_versions_added_removed_modified_edges_and_ranks" time="1.131" /><testcase classname="backend.tests.test_audit_reliability" name="test_invalid_requests_and_empty_source" time="0.141" /><testcase classname="backend.tests.test_audit_reliability" name="test_corrupt_index_is_rejected_and_explicit_reindex_recovers" time="0.010"><failure message="ValueError: No supported JavaScript source files were found">tmp_path = WindowsPath('C:/Users/aarus/AppData/Local/Temp/pytest-of-aarus/pytest-7/test_corrupt_index_is_rejected0')

    def test_corrupt_index_is_rejected_and_explicit_reindex_recovers(tmp_path):
        settings=Settings(cache=tmp_path/'cache',semantic='off',ts_enrich=False)
&gt;       service=IndexService(settings);index=service.index(str(ROOT/'examples/demo-repo'))
                                             ^^^^^^^^^^^^^^^^^^^^^^^^^^^^^^^^^^^^^^^^^^^^^

backend\tests\test_audit_reliability.py:26: 
_ _ _ _ _ _ _ _ _ _ _ _ _ _ _ _ _ _ _ _ _ _ _ _ _ _ _ _ _ _ _ _ _ _ _ _ _ _ _ _

self = &lt;backend.app.indexing.service.IndexService object at 0x0000025CC21EEDB0&gt;
repo_path = 'C:\\Users\\aarus\\Downloads\\ASTFLOW-main\\ASTFLOW-repo\\examples\\demo-repo'
version = 'working-tree'

    def index(self, repo_path: str, version: str = "working-tree"):
        with self.lock:
            started = time.perf_counter()
            try:
                repo = Path(repo_path).expanduser().resolve(strict=True)
                self.status = {"state": "indexing", "stage": "Reading source snapshot", "progress": 5}
                files, revision, warnings = read_snapshot(repo, version, self.settings)
                if not files:
&gt;                   raise ValueError("No supported JavaScript source files were found")
E                   ValueError: No supported JavaScript source files were found

backend\app\indexing\service.py:78: ValueError</failure></testcase><testcase classname="backend.tests.test_audit_reliability" name="test_missing_database_read_does_not_create_file" time="0.007" /><testcase classname="backend.tests.test_audit_reliability" name="test_indexed_revision_expression_remains_in_version_selector" time="0.046"><failure message="ValueError: Select the Git repository root to index a revision">tmp_path = WindowsPath('C:/Users/aarus/AppData/Local/Temp/pytest-of-aarus/pytest-7/test_indexed_revision_expressi0')

    def test_indexed_revision_expression_remains_in_version_selector(tmp_path):
        service=IndexService(Settings(cache=tmp_path/'cache',semantic='off',ts_enrich=False))
&gt;       index=service.index(str(ROOT/'examples/demo-repo'),'HEAD~0')
              ^^^^^^^^^^^^^^^^^^^^^^^^^^^^^^^^^^^^^^^^^^^^^^^^^^^^^^

backend\tests\test_audit_reliability.py:48: 
_ _ _ _ _ _ _ _ _ _ _ _ _ _ _ _ _ _ _ _ _ _ _ _ _ _ _ _ _ _ _ _ _ _ _ _ _ _ _ _
backend\app\indexing\service.py:76: in index
    files, revision, warnings = read_snapshot(repo, version, self.settings)
                                ^^^^^^^^^^^^^^^^^^^^^^^^^^^^^^^^^^^^^^^^^^^
_ _ _ _ _ _ _ _ _ _ _ _ _ _ _ _ _ _ _ _ _ _ _ _ _ _ _ _ _ _ _ _ _ _ _ _ _ _ _ _

repo = WindowsPath('C:/Users/aarus/Downloads/ASTFLOW-main/ASTFLOW-repo/examples/demo-repo')
version = 'HEAD~0'
settings = Settings(model='sentence-transformers/all-MiniLM-L6-v2', semantic='off', cache=WindowsPath('C:/Users/aarus/AppData/Loc...ranker_model='cross-encoder/ms-marco-MiniLM-L-6-v2', reranker_depth=100, reranker_batch_size=32, reranker_device='cpu')

    def read_snapshot(repo: Path, version: str, settings: Settings) -&gt; tuple[dict[str, str], str, list[str]]:
        repo = repo.resolve(strict=True)
        if not repo.is_dir():
            raise ValueError("Repository path must be a directory")
        files, warnings = {}, []
        total_bytes = 0
        resolved = "working-tree"
        if version == "working-tree":
            for current, dirs, names in os.walk(repo, followlinks=False):
                dirs[:] = sorted(d for d in dirs if d not in EXCLUDED and not (Path(current) / d).is_symlink()
                                 and not getattr(Path(current) / d, "is_junction", lambda: False)())
                for name in sorted(names):
                    path = Path(current) / name
                    relative = path.relative_to(repo).as_posix()
                    if not useful(relative) or path.is_symlink() or not path.resolve().is_relative_to(repo):
                        continue
                    if path.stat().st_size &gt; settings.max_file_bytes:
                        warnings.append(f"Skipped large file: {relative}")
                        continue
                    try:
                        with path.open("rb") as stream:
                            raw = stream.read(settings.max_file_bytes + 1)
                        if len(raw) &gt; settings.max_file_bytes:
                            warnings.append(f"Skipped large file: {relative}")
                            continue
                        total_bytes += len(raw)
                        if total_bytes &gt; settings.max_total_bytes:
                            raise ValueError("Repository exceeds total source byte limit")
                        files[relative] = raw.decode("utf-8")
                    except UnicodeDecodeError:
                        warnings.append(f"Skipped non-UTF-8 file: {relative}")
                    if len(files) &gt; settings.max_files:
                        raise ValueError(f"Repository exceeds {settings.max_files} JavaScript files")
        else:
            if Path(git(repo, "rev-parse", "--show-toplevel")).resolve() != repo:
&gt;               raise ValueError("Select the Git repository root to index a revision")
E               ValueError: Select the Git repository root to index a revision

backend\app\indexing\discovery.py:62: ValueError</failure></testcase><testcase classname="backend.tests.test_audit_reliability" name="test_cross_file_neighborhood_depth_and_callsite_evidence" time="0.212" /><testcase classname="backend.tests.test_audit_reliability" name="test_reindex_reuses_cached_embeddings_for_unchanged_chunks" time="0.196" /><testcase classname="backend.tests.test_audit_retrieval" name="test_sparse_bm25_matches_reference_including_repeated_tokens" time="0.011" /><testcase classname="backend.tests.test_core" name="test_parser_spans_parameters_arrows_classes_unicode" time="0.009" /><testcase classname="backend.tests.test_core" name="test_imports_instances_cycles_aliases_and_determinism" time="0.016" /><testcase classname="backend.tests.test_core" name="test_no_phantom_edges_dynamic_shadowed_duplicate_names" time="0.007" /><testcase classname="backend.tests.test_core" name="test_default_import_remains_outside_supported_resolution" time="0.005" /><testcase classname="backend.tests.test_core" name="test_sequence_is_direct_block_only" time="0.004" /><testcase classname="backend.tests.test_core" name="test_reassignment_and_nested_function_this_are_not_verified" time="0.004" /><testcase classname="backend.tests.test_core" name="test_module_chunks_are_bounded_and_jsx_parses" time="0.020" /><testcase classname="backend.tests.test_core" name="test_discovery_filters_and_does_not_execute" time="0.044" /><testcase classname="backend.tests.test_core" name="test_real_lexical_search_graph_and_cache" time="0.013"><error message="failed on setup with &quot;ValueError: No supported JavaScript source files were found&quot;">settings = Settings(model='sentence-transformers/all-MiniLM-L6-v2', semantic='off', cache=WindowsPath('C:/Users/aarus/AppData/Loc...ranker_model='cross-encoder/ms-marco-MiniLM-L-6-v2', reranker_depth=100, reranker_batch_size=32, reranker_device='cpu')

    @pytest.fixture
    def demo(settings):
&gt;       return IndexService(settings).index(str(ROOT / "examples/demo-repo"))
               ^^^^^^^^^^^^^^^^^^^^^^^^^^^^^^^^^^^^^^^^^^^^^^^^^^^^^^^^^^^^^^

backend\tests\test_core.py:22: 
_ _ _ _ _ _ _ _ _ _ _ _ _ _ _ _ _ _ _ _ _ _ _ _ _ _ _ _ _ _ _ _ _ _ _ _ _ _ _ _

self = &lt;backend.app.indexing.service.IndexService object at 0x0000025CC21FABD0&gt;
repo_path = 'C:\\Users\\aarus\\Downloads\\ASTFLOW-main\\ASTFLOW-repo\\examples\\demo-repo'
version = 'working-tree'

    def index(self, repo_path: str, version: str = "working-tree"):
        with self.lock:
            started = time.perf_counter()
            try:
                repo = Path(repo_path).expanduser().resolve(strict=True)
                self.status = {"state": "indexing", "stage": "Reading source snapshot", "progress": 5}
                files, revision, warnings = read_snapshot(repo, version, self.settings)
                if not files:
&gt;                   raise ValueError("No supported JavaScript source files were found")
E                   ValueError: No supported JavaScript source files were found

backend\app\indexing\service.py:78: ValueError</error></testcase><testcase classname="backend.tests.test_core" name="test_agent_refines_from_observed_symbols" time="0.011"><error message="failed on setup with &quot;ValueError: No supported JavaScript source files were found&quot;">settings = Settings(model='sentence-transformers/all-MiniLM-L6-v2', semantic='off', cache=WindowsPath('C:/Users/aarus/AppData/Loc...ranker_model='cross-encoder/ms-marco-MiniLM-L-6-v2', reranker_depth=100, reranker_batch_size=32, reranker_device='cpu')

    @pytest.fixture
    def demo(settings):
&gt;       return IndexService(settings).index(str(ROOT / "examples/demo-repo"))
               ^^^^^^^^^^^^^^^^^^^^^^^^^^^^^^^^^^^^^^^^^^^^^^^^^^^^^^^^^^^^^^

backend\tests\test_core.py:22: 
_ _ _ _ _ _ _ _ _ _ _ _ _ _ _ _ _ _ _ _ _ _ _ _ _ _ _ _ _ _ _ _ _ _ _ _ _ _ _ _

self = &lt;backend.app.indexing.service.IndexService object at 0x0000025CC21F8FE0&gt;
repo_path = 'C:\\Users\\aarus\\Downloads\\ASTFLOW-main\\ASTFLOW-repo\\examples\\demo-repo'
version = 'working-tree'

    def index(self, repo_path: str, version: str = "working-tree"):
        with self.lock:
            started = time.perf_counter()
            try:
                repo = Path(repo_path).expanduser().resolve(strict=True)
                self.status = {"state": "indexing", "stage": "Reading source snapshot", "progress": 5}
                files, revision, warnings = read_snapshot(repo, version, self.settings)
                if not files:
&gt;                   raise ValueError("No supported JavaScript source files were found")
E                   ValueError: No supported JavaScript source files were found

backend\app\indexing\service.py:78: ValueError</error></testcase><testcase classname="backend.tests.test_core" name="test_empty_and_single_document_retrieval" time="0.082" /><testcase classname="backend.tests.test_dataset_adapter" name="test_beir_export_adapter_preserves_ids_and_validates_qrels" time="0.079" /><testcase classname="backend.tests.test_enrichment" name="test_real_typescript_enrichment_confirms_imported_calls" time="0.349" /><testcase classname="backend.tests.test_enrichment" name="test_language_service_enrichment_failure_is_nonfatal" time="0.003" /><testcase classname="backend.tests.test_metrics_semantic" name="test_metrics_graded_order_duplicates_and_missing" time="0.002" /><testcase classname="backend.tests.test_metrics_semantic" name="test_actual_cpu_semantic_retrieval_and_persisted_vectors" time="0.011"><failure message="ValueError: No supported JavaScript source files were found">tmp_path = WindowsPath('C:/Users/aarus/AppData/Local/Temp/pytest-of-aarus/pytest-7/test_actual_cpu_semantic_retri0')

    def test_actual_cpu_semantic_retrieval_and_persisted_vectors(tmp_path):
        pytest.importorskip("sentence_transformers", reason="Optional semantic dependencies are not installed")
        base = Settings()
        if not (base.cache / "models" / base.model.replace("/", "--") / "modules.json").exists():
            pytest.skip("Install the CPU model with astflow model-download for semantic integration testing")
        # Share model assets, isolate the index and its registry from application state.
        service = IndexService(Settings(cache=tmp_path / "cache", ts_enrich=False))
        service.embedder = Embedder(base)
&gt;       index = service.index(str(ROOT / "examples/demo-repo"))
                ^^^^^^^^^^^^^^^^^^^^^^^^^^^^^^^^^^^^^^^^^^^^^^^

backend\tests\test_metrics_semantic.py:31: 
_ _ _ _ _ _ _ _ _ _ _ _ _ _ _ _ _ _ _ _ _ _ _ _ _ _ _ _ _ _ _ _ _ _ _ _ _ _ _ _

self = &lt;backend.app.indexing.service.IndexService object at 0x0000025CC2379EB0&gt;
repo_path = 'C:\\Users\\aarus\\Downloads\\ASTFLOW-main\\ASTFLOW-repo\\examples\\demo-repo'
version = 'working-tree'

    def index(self, repo_path: str, version: str = "working-tree"):
        with self.lock:
            started = time.perf_counter()
            try:
                repo = Path(repo_path).expanduser().resolve(strict=True)
                self.status = {"state": "indexing", "stage": "Reading source snapshot", "progress": 5}
                files, revision, warnings = read_snapshot(repo, version, self.settings)
                if not files:
&gt;                   raise ValueError("No supported JavaScript source files were found")
E                   ValueError: No supported JavaScript source files were found

backend\app\indexing\service.py:78: ValueError</failure></testcase><testcase classname="backend.tests.test_regressions" name="test_unsupported_cases_remain_unresolved_even_with_enrichment[function target(){} function run(){try {throw ()=&gt;42;} catch(target){target();}}]" time="0.338" /><testcase classname="backend.tests.test_regressions" name="test_unsupported_cases_remain_unresolved_even_with_enrichment[function target(){} function run(callbacks){for (const target of callbacks) target();}]" time="0.324" /><testcase classname="backend.tests.test_regressions" name="test_unsupported_cases_remain_unresolved_even_with_enrichment[function target(){} function run(replacement){target=replacement; target();}]" time="0.319" /><testcase classname="backend.tests.test_regressions" name="test_unsupported_cases_remain_unresolved_even_with_enrichment[function target(){} function run(){ target(); const x = ; }]" time="0.325" /><testcase classname="backend.tests.test_regressions" name="test_unsupported_cases_remain_unresolved_even_with_enrichment[class A{go(){}} class R{constructor(flag){if(flag){this.a=new A();}} run(){this.a.go();}}]" time="0.310" /><testcase classname="backend.tests.test_regressions" name="test_unsupported_cases_remain_unresolved_even_with_enrichment[class A{go(){}} class R{setup(){this.a=new A();} run(){this.a.go();}}]" time="0.361" /><testcase classname="backend.tests.test_regressions" name="test_unsupported_cases_remain_unresolved_even_with_enrichment[class A{go(){}} class R{constructor(){this.a=new A();} run(){delete this.a; this.a.go();}}]" time="0.343" /><testcase classname="backend.tests.test_regressions" name="test_unsupported_cases_remain_unresolved_even_with_enrichment[class A{static go(){}} class R{constructor(){this.a=new A();} run(){this.a.go();}}]" time="0.319" /><testcase classname="backend.tests.test_regressions" name="test_unsupported_cases_remain_unresolved_even_with_enrichment[class A{go(){}} class R{constructor(){this.a=new A();} run(x){this['a']=x; this.a.go();}}]" time="0.318" /><testcase classname="backend.tests.test_regressions" name="test_unsupported_cases_remain_unresolved_even_with_enrichment[class R{go(){const f=()=&gt;42;} run(replacement){this.go=replacement; this.go();}}]" time="0.323" /><testcase classname="backend.tests.test_regressions" name="test_unsupported_cases_remain_unresolved_even_with_enrichment[class A{go(){}} class R{constructor(A){this.a=new A();} run(){this.a.go();}}]" time="0.311" /><testcase classname="backend.tests.test_regressions" name="test_unsupported_cases_remain_unresolved_even_with_enrichment[class A{go(){}} class R{static run(){this.go();} go(){}}]" time="0.340" /><testcase classname="backend.tests.test_regressions" name="test_unsupported_cases_remain_unresolved_even_with_enrichment[class A{get go(){return ()=&gt;42;}} class R{constructor(){this.a=new A();} run(){this.a.go();}}]" time="0.325" /><testcase classname="backend.tests.test_regressions" name="test_duplicate_same_line_ids_do_not_crash_index" time="0.093" /><testcase classname="backend.tests.test_regressions" name="test_edge_multiplicity_and_line_movement" time="0.171" /><testcase classname="backend.tests.test_regressions" name="test_sequence_pair_direction_and_early_exits" time="0.117" /><testcase classname="backend.tests.test_regressions" name="test_supported_spans_and_reversed_traversal" time="0.006" /><testcase classname="backend.tests.test_regressions" name="test_frozen_import_boundaries[import A from './b.js';]" time="0.004" /><testcase classname="backend.tests.test_regressions" name="test_frozen_import_boundaries[import { A as Alias } from './b.js';]" time="0.006" /><testcase classname="backend.tests.test_regressions" name="test_frozen_import_boundaries[import * as ns from './b.js';]" time="0.009" /><testcase classname="backend.tests.test_regressions" name="test_security_guards_and_size_bounds" time="0.062" /><testcase classname="backend.tests.test_regressions" name="test_utf8_crlf_source_coordinates" time="0.006" /><testcase classname="backend.tests.test_regressions" name="test_map_and_passive_checkpoint" time="0.191" /><testcase classname="backend.tests.test_regressions" name="test_trace_ambiguity_and_depth_limits" time="0.006" /><testcase classname="benchmark.test_analyze_baseline" name="test_pack_rebuilds_identical_runs_and_analysis_uses_packed_files" time="0.095"><error message="failed on setup with &quot;AttributeError: 'Namespace' object has no attribute 'dense_windows'&quot;">tmp_path = WindowsPath('C:/Users/aarus/AppData/Local/Temp/pytest-of-aarus/pytest-7/test_pack_rebuilds_identical_r0')
isolated_cache = None
monkeypatch = &lt;_pytest.monkeypatch.MonkeyPatch object at 0x0000025CC24753D0&gt;

    @pytest.fixture
    def synthetic_run(tmp_path, isolated_cache, monkeypatch):  # noqa: F811
        monkeypatch.setattr(Embedder, "load", lambda self, download=False: setattr(self, "model", object()) or self.model)
        monkeypatch.setattr(Embedder, "encode", lambda self, texts, **kw: np.stack([_vec(t) for t in texts]))
        monkeypatch.setattr(verify_retrieval, "model_identity", lambda e, s: {"name": "fake-bow", "weights_sha256": None})
        args = _args(tmp_path, _export(tmp_path), "bm25,dense,hybrid")
&gt;       assert verify_retrieval.full_run(args) == 0
               ^^^^^^^^^^^^^^^^^^^^^^^^^^^^^^^

benchmark\test_analyze_baseline.py:20: 
_ _ _ _ _ _ _ _ _ _ _ _ _ _ _ _ _ _ _ _ _ _ _ _ _ _ _ _ _ _ _ _ _ _ _ _ _ _ _ _

args = Namespace(data='C:\\Users\\aarus\\AppData\\Local\\Temp\\pytest-of-aarus\\pytest-7\\test_pack_rebuilds_identical_r0\\ap...5,dense,hybrid', max_queries=0, tag='t', trec_eval=None, allow_unknown_revision=False, skip_published_count_check=True)

    def full_run(args) -&gt; int:
        from backend.app.retrieval.embeddings import Embedder
        from backend.app.retrieval.search import CROSS_ENCODER_AVAILABLE, Retriever
        out = Path(args.out)
        (out / "runs").mkdir(parents=True, exist_ok=True)
        data = Path(args.data)
        corpus, queries, qrels = load_export(data, "test")
        data_stats = integrity.check_dataset(data, corpus, queries, qrels)
        meta = json.loads((data / "metadata.json").read_text()) if (data / "metadata.json").exists() else {}
        revision = meta.get("revision")
        if revision != EXPECTED_DATASET_REVISION and not args.allow_unknown_revision:
            raise integrity.IntegrityError(f"Dataset revision {revision!r} != expected {EXPECTED_DATASET_REVISION}")
        judged = evaluation.judged_queries(qrels)
        published = mteb_published_stats()
        if published and not getattr(args, "skip_published_count_check", False):  # independent check: MTEB ships its own counts for this task
            rel = published["relevant_docs_statistics"]
            integrity._check(data_stats["documents"] == published["num_documents"], f"Documents {data_stats['documents']} != MTEB's {published['num_documents']}")
            integrity._check(len(judged) == published["num_queries"], f"Judged queries {len(judged)} != MTEB's {published['num_queries']}")
            integrity._check(data_stats["positive_pairs"] == rel["num_relevant_docs"], f"Positive qrels {data_stats['positive_pairs']} != MTEB's {rel['num_relevant_docs']}")
        if args.split != "all":
            split = json.loads((ROOT / "benchmark/dev_split.json").read_text())
            keep = set(split["dev_query_ids" if args.split == "dev" else "confirmation_query_ids"])
            judged = [q for q in judged if q in keep]
        if args.max_queries:
            judged = judged[:args.max_queries]
        qrels_eval = {q: qrels[q] for q in judged}
    
        settings = Settings(ts_enrich=False)
        modes = args.modes.split(",")
        embedder, vectors, vector_stats, model_info = None, None, None, {"name": None}
        if set(modes) - {"bm25"}:
            embedder = Embedder(settings)
            if embedder.load() is None:
                raise integrity.IntegrityError(f"Dense/hybrid requested but model unavailable: {embedder.reason}")
            model_info = model_identity(embedder, settings)
        chunks = sorted((Chunk(d, d, "", d, "dataset_document", 1, max(1, len(t.splitlines())), t, t,
                               hashlib.sha256(t.encode()).hexdigest()) for d, t in corpus.items()), key=lambda c: c.chunk_id)
        integrity._check([c.chunk_id for c in chunks] == sorted(corpus), "Chunk order is not the sorted document id order")
        if embedder:
            vectors, vector_stats = load_vectors(chunks, embedder, settings, model_info)
&gt;           if args.dense_windows:
               ^^^^^^^^^^^^^^^^^^
E           AttributeError: 'Namespace' object has no attribute 'dense_windows'

benchmark\verify_retrieval.py:199: AttributeError</error></testcase><testcase classname="benchmark.test_analyze_baseline" name="test_synthetic_data_is_flagged_as_not_the_real_benchmark" time="0.024"><error message="failed on setup with &quot;AttributeError: 'Namespace' object has no attribute 'dense_windows'&quot;">tmp_path = WindowsPath('C:/Users/aarus/AppData/Local/Temp/pytest-of-aarus/pytest-7/test_synthetic_data_is_flagged0')
isolated_cache = None
monkeypatch = &lt;_pytest.monkeypatch.MonkeyPatch object at 0x0000025CC23E33E0&gt;

    @pytest.fixture
    def synthetic_run(tmp_path, isolated_cache, monkeypatch):  # noqa: F811
        monkeypatch.setattr(Embedder, "load", lambda self, download=False: setattr(self, "model", object()) or self.model)
        monkeypatch.setattr(Embedder, "encode", lambda self, texts, **kw: np.stack([_vec(t) for t in texts]))
        monkeypatch.setattr(verify_retrieval, "model_identity", lambda e, s: {"name": "fake-bow", "weights_sha256": None})
        args = _args(tmp_path, _export(tmp_path), "bm25,dense,hybrid")
&gt;       assert verify_retrieval.full_run(args) == 0
               ^^^^^^^^^^^^^^^^^^^^^^^^^^^^^^^

benchmark\test_analyze_baseline.py:20: 
_ _ _ _ _ _ _ _ _ _ _ _ _ _ _ _ _ _ _ _ _ _ _ _ _ _ _ _ _ _ _ _ _ _ _ _ _ _ _ _

args = Namespace(data='C:\\Users\\aarus\\AppData\\Local\\Temp\\pytest-of-aarus\\pytest-7\\test_synthetic_data_is_flagged0\\ap...5,dense,hybrid', max_queries=0, tag='t', trec_eval=None, allow_unknown_revision=False, skip_published_count_check=True)

    def full_run(args) -&gt; int:
        from backend.app.retrieval.embeddings import Embedder
        from backend.app.retrieval.search import CROSS_ENCODER_AVAILABLE, Retriever
        out = Path(args.out)
        (out / "runs").mkdir(parents=True, exist_ok=True)
        data = Path(args.data)
        corpus, queries, qrels = load_export(data, "test")
        data_stats = integrity.check_dataset(data, corpus, queries, qrels)
        meta = json.loads((data / "metadata.json").read_text()) if (data / "metadata.json").exists() else {}
        revision = meta.get("revision")
        if revision != EXPECTED_DATASET_REVISION and not args.allow_unknown_revision:
            raise integrity.IntegrityError(f"Dataset revision {revision!r} != expected {EXPECTED_DATASET_REVISION}")
        judged = evaluation.judged_queries(qrels)
        published = mteb_published_stats()
        if published and not getattr(args, "skip_published_count_check", False):  # independent check: MTEB ships its own counts for this task
            rel = published["relevant_docs_statistics"]
            integrity._check(data_stats["documents"] == published["num_documents"], f"Documents {data_stats['documents']} != MTEB's {published['num_documents']}")
            integrity._check(len(judged) == published["num_queries"], f"Judged queries {len(judged)} != MTEB's {published['num_queries']}")
            integrity._check(data_stats["positive_pairs"] == rel["num_relevant_docs"], f"Positive qrels {data_stats['positive_pairs']} != MTEB's {rel['num_relevant_docs']}")
        if args.split != "all":
            split = json.loads((ROOT / "benchmark/dev_split.json").read_text())
            keep = set(split["dev_query_ids" if args.split == "dev" else "confirmation_query_ids"])
            judged = [q for q in judged if q in keep]
        if args.max_queries:
            judged = judged[:args.max_queries]
        qrels_eval = {q: qrels[q] for q in judged}
    
        settings = Settings(ts_enrich=False)
        modes = args.modes.split(",")
        embedder, vectors, vector_stats, model_info = None, None, None, {"name": None}
        if set(modes) - {"bm25"}:
            embedder = Embedder(settings)
            if embedder.load() is None:
                raise integrity.IntegrityError(f"Dense/hybrid requested but model unavailable: {embedder.reason}")
            model_info = model_identity(embedder, settings)
        chunks = sorted((Chunk(d, d, "", d, "dataset_document", 1, max(1, len(t.splitlines())), t, t,
                               hashlib.sha256(t.encode()).hexdigest()) for d, t in corpus.items()), key=lambda c: c.chunk_id)
        integrity._check([c.chunk_id for c in chunks] == sorted(corpus), "Chunk order is not the sorted document id order")
        if embedder:
            vectors, vector_stats = load_vectors(chunks, embedder, settings, model_info)
&gt;           if args.dense_windows:
               ^^^^^^^^^^^^^^^^^^
E           AttributeError: 'Namespace' object has no attribute 'dense_windows'

benchmark\verify_retrieval.py:199: AttributeError</error></testcase><testcase classname="benchmark.test_analyze_baseline" name="test_oracle_equals_hit_rate_with_one_relevant_document" time="0.018"><error message="failed on setup with &quot;AttributeError: 'Namespace' object has no attribute 'dense_windows'&quot;">tmp_path = WindowsPath('C:/Users/aarus/AppData/Local/Temp/pytest-of-aarus/pytest-7/test_oracle_equals_hit_rate_wi0')
isolated_cache = None
monkeypatch = &lt;_pytest.monkeypatch.MonkeyPatch object at 0x0000025CC23676E0&gt;

    @pytest.fixture
    def synthetic_run(tmp_path, isolated_cache, monkeypatch):  # noqa: F811
        monkeypatch.setattr(Embedder, "load", lambda self, download=False: setattr(self, "model", object()) or self.model)
        monkeypatch.setattr(Embedder, "encode", lambda self, texts, **kw: np.stack([_vec(t) for t in texts]))
        monkeypatch.setattr(verify_retrieval, "model_identity", lambda e, s: {"name": "fake-bow", "weights_sha256": None})
        args = _args(tmp_path, _export(tmp_path), "bm25,dense,hybrid")
&gt;       assert verify_retrieval.full_run(args) == 0
               ^^^^^^^^^^^^^^^^^^^^^^^^^^^^^^^

benchmark\test_analyze_baseline.py:20: 
_ _ _ _ _ _ _ _ _ _ _ _ _ _ _ _ _ _ _ _ _ _ _ _ _ _ _ _ _ _ _ _ _ _ _ _ _ _ _ _

args = Namespace(data='C:\\Users\\aarus\\AppData\\Local\\Temp\\pytest-of-aarus\\pytest-7\\test_oracle_equals_hit_rate_wi0\\ap...5,dense,hybrid', max_queries=0, tag='t', trec_eval=None, allow_unknown_revision=False, skip_published_count_check=True)

    def full_run(args) -&gt; int:
        from backend.app.retrieval.embeddings import Embedder
        from backend.app.retrieval.search import CROSS_ENCODER_AVAILABLE, Retriever
        out = Path(args.out)
        (out / "runs").mkdir(parents=True, exist_ok=True)
        data = Path(args.data)
        corpus, queries, qrels = load_export(data, "test")
        data_stats = integrity.check_dataset(data, corpus, queries, qrels)
        meta = json.loads((data / "metadata.json").read_text()) if (data / "metadata.json").exists() else {}
        revision = meta.get("revision")
        if revision != EXPECTED_DATASET_REVISION and not args.allow_unknown_revision:
            raise integrity.IntegrityError(f"Dataset revision {revision!r} != expected {EXPECTED_DATASET_REVISION}")
        judged = evaluation.judged_queries(qrels)
        published = mteb_published_stats()
        if published and not getattr(args, "skip_published_count_check", False):  # independent check: MTEB ships its own counts for this task
            rel = published["relevant_docs_statistics"]
            integrity._check(data_stats["documents"] == published["num_documents"], f"Documents {data_stats['documents']} != MTEB's {published['num_documents']}")
            integrity._check(len(judged) == published["num_queries"], f"Judged queries {len(judged)} != MTEB's {published['num_queries']}")
            integrity._check(data_stats["positive_pairs"] == rel["num_relevant_docs"], f"Positive qrels {data_stats['positive_pairs']} != MTEB's {rel['num_relevant_docs']}")
        if args.split != "all":
            split = json.loads((ROOT / "benchmark/dev_split.json").read_text())
            keep = set(split["dev_query_ids" if args.split == "dev" else "confirmation_query_ids"])
            judged = [q for q in judged if q in keep]
        if args.max_queries:
            judged = judged[:args.max_queries]
        qrels_eval = {q: qrels[q] for q in judged}
    
        settings = Settings(ts_enrich=False)
        modes = args.modes.split(",")
        embedder, vectors, vector_stats, model_info = None, None, None, {"name": None}
        if set(modes) - {"bm25"}:
            embedder = Embedder(settings)
            if embedder.load() is None:
                raise integrity.IntegrityError(f"Dense/hybrid requested but model unavailable: {embedder.reason}")
            model_info = model_identity(embedder, settings)
        chunks = sorted((Chunk(d, d, "", d, "dataset_document", 1, max(1, len(t.splitlines())), t, t,
                               hashlib.sha256(t.encode()).hexdigest()) for d, t in corpus.items()), key=lambda c: c.chunk_id)
        integrity._check([c.chunk_id for c in chunks] == sorted(corpus), "Chunk order is not the sorted document id order")
        if embedder:
            vectors, vector_stats = load_vectors(chunks, embedder, settings, model_info)
&gt;           if args.dense_windows:
               ^^^^^^^^^^^^^^^^^^
E           AttributeError: 'Namespace' object has no attribute 'dense_windows'

benchmark\verify_retrieval.py:199: AttributeError</error></testcase><testcase classname="benchmark.test_analyze_baseline" name="test_tampered_run_is_rejected" time="0.024"><error message="failed on setup with &quot;AttributeError: 'Namespace' object has no attribute 'dense_windows'&quot;">tmp_path = WindowsPath('C:/Users/aarus/AppData/Local/Temp/pytest-of-aarus/pytest-7/test_tampered_run_is_rejected0')
isolated_cache = None
monkeypatch = &lt;_pytest.monkeypatch.MonkeyPatch object at 0x0000025CC237A990&gt;

    @pytest.fixture
    def synthetic_run(tmp_path, isolated_cache, monkeypatch):  # noqa: F811
        monkeypatch.setattr(Embedder, "load", lambda self, download=False: setattr(self, "model", object()) or self.model)
        monkeypatch.setattr(Embedder, "encode", lambda self, texts, **kw: np.stack([_vec(t) for t in texts]))
        monkeypatch.setattr(verify_retrieval, "model_identity", lambda e, s: {"name": "fake-bow", "weights_sha256": None})
        args = _args(tmp_path, _export(tmp_path), "bm25,dense,hybrid")
&gt;       assert verify_retrieval.full_run(args) == 0
               ^^^^^^^^^^^^^^^^^^^^^^^^^^^^^^^

benchmark\test_analyze_baseline.py:20: 
_ _ _ _ _ _ _ _ _ _ _ _ _ _ _ _ _ _ _ _ _ _ _ _ _ _ _ _ _ _ _ _ _ _ _ _ _ _ _ _

args = Namespace(data='C:\\Users\\aarus\\AppData\\Local\\Temp\\pytest-of-aarus\\pytest-7\\test_tampered_run_is_rejected0\\app...5,dense,hybrid', max_queries=0, tag='t', trec_eval=None, allow_unknown_revision=False, skip_published_count_check=True)

    def full_run(args) -&gt; int:
        from backend.app.retrieval.embeddings import Embedder
        from backend.app.retrieval.search import CROSS_ENCODER_AVAILABLE, Retriever
        out = Path(args.out)
        (out / "runs").mkdir(parents=True, exist_ok=True)
        data = Path(args.data)
        corpus, queries, qrels = load_export(data, "test")
        data_stats = integrity.check_dataset(data, corpus, queries, qrels)
        meta = json.loads((data / "metadata.json").read_text()) if (data / "metadata.json").exists() else {}
        revision = meta.get("revision")
        if revision != EXPECTED_DATASET_REVISION and not args.allow_unknown_revision:
            raise integrity.IntegrityError(f"Dataset revision {revision!r} != expected {EXPECTED_DATASET_REVISION}")
        judged = evaluation.judged_queries(qrels)
        published = mteb_published_stats()
        if published and not getattr(args, "skip_published_count_check", False):  # independent check: MTEB ships its own counts for this task
            rel = published["relevant_docs_statistics"]
            integrity._check(data_stats["documents"] == published["num_documents"], f"Documents {data_stats['documents']} != MTEB's {published['num_documents']}")
            integrity._check(len(judged) == published["num_queries"], f"Judged queries {len(judged)} != MTEB's {published['num_queries']}")
            integrity._check(data_stats["positive_pairs"] == rel["num_relevant_docs"], f"Positive qrels {data_stats['positive_pairs']} != MTEB's {rel['num_relevant_docs']}")
        if args.split != "all":
            split = json.loads((ROOT / "benchmark/dev_split.json").read_text())
            keep = set(split["dev_query_ids" if args.split == "dev" else "confirmation_query_ids"])
            judged = [q for q in judged if q in keep]
        if args.max_queries:
            judged = judged[:args.max_queries]
        qrels_eval = {q: qrels[q] for q in judged}
    
        settings = Settings(ts_enrich=False)
        modes = args.modes.split(",")
        embedder, vectors, vector_stats, model_info = None, None, None, {"name": None}
        if set(modes) - {"bm25"}:
            embedder = Embedder(settings)
            if embedder.load() is None:
                raise integrity.IntegrityError(f"Dense/hybrid requested but model unavailable: {embedder.reason}")
            model_info = model_identity(embedder, settings)
        chunks = sorted((Chunk(d, d, "", d, "dataset_document", 1, max(1, len(t.splitlines())), t, t,
                               hashlib.sha256(t.encode()).hexdigest()) for d, t in corpus.items()), key=lambda c: c.chunk_id)
        integrity._check([c.chunk_id for c in chunks] == sorted(corpus), "Chunk order is not the sorted document id order")
        if embedder:
            vectors, vector_stats = load_vectors(chunks, embedder, settings, model_info)
&gt;           if args.dense_windows:
               ^^^^^^^^^^^^^^^^^^
E           AttributeError: 'Namespace' object has no attribute 'dense_windows'

benchmark\verify_retrieval.py:199: AttributeError</error></testcase><testcase classname="benchmark.test_analyze_baseline" name="test_reports_are_written" time="0.026"><error message="failed on setup with &quot;AttributeError: 'Namespace' object has no attribute 'dense_windows'&quot;">tmp_path = WindowsPath('C:/Users/aarus/AppData/Local/Temp/pytest-of-aarus/pytest-7/test_reports_are_written0')
isolated_cache = None
monkeypatch = &lt;_pytest.monkeypatch.MonkeyPatch object at 0x0000025C2F3441D0&gt;

    @pytest.fixture
    def synthetic_run(tmp_path, isolated_cache, monkeypatch):  # noqa: F811
        monkeypatch.setattr(Embedder, "load", lambda self, download=False: setattr(self, "model", object()) or self.model)
        monkeypatch.setattr(Embedder, "encode", lambda self, texts, **kw: np.stack([_vec(t) for t in texts]))
        monkeypatch.setattr(verify_retrieval, "model_identity", lambda e, s: {"name": "fake-bow", "weights_sha256": None})
        args = _args(tmp_path, _export(tmp_path), "bm25,dense,hybrid")
&gt;       assert verify_retrieval.full_run(args) == 0
               ^^^^^^^^^^^^^^^^^^^^^^^^^^^^^^^

benchmark\test_analyze_baseline.py:20: 
_ _ _ _ _ _ _ _ _ _ _ _ _ _ _ _ _ _ _ _ _ _ _ _ _ _ _ _ _ _ _ _ _ _ _ _ _ _ _ _

args = Namespace(data='C:\\Users\\aarus\\AppData\\Local\\Temp\\pytest-of-aarus\\pytest-7\\test_reports_are_written0\\apps', o...5,dense,hybrid', max_queries=0, tag='t', trec_eval=None, allow_unknown_revision=False, skip_published_count_check=True)

    def full_run(args) -&gt; int:
        from backend.app.retrieval.embeddings import Embedder
        from backend.app.retrieval.search import CROSS_ENCODER_AVAILABLE, Retriever
        out = Path(args.out)
        (out / "runs").mkdir(parents=True, exist_ok=True)
        data = Path(args.data)
        corpus, queries, qrels = load_export(data, "test")
        data_stats = integrity.check_dataset(data, corpus, queries, qrels)
        meta = json.loads((data / "metadata.json").read_text()) if (data / "metadata.json").exists() else {}
        revision = meta.get("revision")
        if revision != EXPECTED_DATASET_REVISION and not args.allow_unknown_revision:
            raise integrity.IntegrityError(f"Dataset revision {revision!r} != expected {EXPECTED_DATASET_REVISION}")
        judged = evaluation.judged_queries(qrels)
        published = mteb_published_stats()
        if published and not getattr(args, "skip_published_count_check", False):  # independent check: MTEB ships its own counts for this task
            rel = published["relevant_docs_statistics"]
            integrity._check(data_stats["documents"] == published["num_documents"], f"Documents {data_stats['documents']} != MTEB's {published['num_documents']}")
            integrity._check(len(judged) == published["num_queries"], f"Judged queries {len(judged)} != MTEB's {published['num_queries']}")
            integrity._check(data_stats["positive_pairs"] == rel["num_relevant_docs"], f"Positive qrels {data_stats['positive_pairs']} != MTEB's {rel['num_relevant_docs']}")
        if args.split != "all":
            split = json.loads((ROOT / "benchmark/dev_split.json").read_text())
            keep = set(split["dev_query_ids" if args.split == "dev" else "confirmation_query_ids"])
            judged = [q for q in judged if q in keep]
        if args.max_queries:
            judged = judged[:args.max_queries]
        qrels_eval = {q: qrels[q] for q in judged}
    
        settings = Settings(ts_enrich=False)
        modes = args.modes.split(",")
        embedder, vectors, vector_stats, model_info = None, None, None, {"name": None}
        if set(modes) - {"bm25"}:
            embedder = Embedder(settings)
            if embedder.load() is None:
                raise integrity.IntegrityError(f"Dense/hybrid requested but model unavailable: {embedder.reason}")
            model_info = model_identity(embedder, settings)
        chunks = sorted((Chunk(d, d, "", d, "dataset_document", 1, max(1, len(t.splitlines())), t, t,
                               hashlib.sha256(t.encode()).hexdigest()) for d, t in corpus.items()), key=lambda c: c.chunk_id)
        integrity._check([c.chunk_id for c in chunks] == sorted(corpus), "Chunk order is not the sorted document id order")
        if embedder:
            vectors, vector_stats = load_vectors(chunks, embedder, settings, model_info)
&gt;           if args.dense_windows:
               ^^^^^^^^^^^^^^^^^^
E           AttributeError: 'Namespace' object has no attribute 'dense_windows'

benchmark\verify_retrieval.py:199: AttributeError</error></testcase><testcase classname="benchmark.test_analyze_corpus" name="test_percentiles_matches_known_values" time="0.002" /><testcase classname="benchmark.test_analyze_corpus" name="test_percentiles_handles_single_value" time="0.002" /><testcase classname="benchmark.test_dev_split" name="test_query_ids_and_qrels_accepts_plain_dict_qrels" time="0.003" /><testcase classname="benchmark.test_dev_split" name="test_query_ids_and_qrels_converts_hf_dataset_style_qrels" time="0.002" /><testcase classname="benchmark.test_dev_split" name="test_split_is_deterministic_disjoint_and_excludes_queries_without_positives" time="0.031" /><testcase classname="benchmark.test_precompute_alignment" name="test_fixed_embeddings_realign_by_id_not_position" time="1.799" /><testcase classname="benchmark.test_precompute_alignment" name="test_fixed_cache_without_id_metadata_is_rejected_not_silently_misaligned" time="0.018" /><testcase classname="benchmark.test_precompute_alignment" name="test_fixed_cache_rejects_mismatched_document_ids" time="0.033" /><testcase classname="benchmark.test_reranker" name="test_candidates_passed_to_reranker_and_scores_mapped" time="0.006" /><testcase classname="benchmark.test_reranker" name="test_descending_scores_and_deterministic_ties" time="0.004" /><testcase classname="benchmark.test_reranker" name="test_top_k_candidate_limits_respected" time="0.004" /><testcase classname="benchmark.test_reranker" name="test_reranker_failures_are_visible" time="0.010" /><testcase classname="benchmark.test_reranker" name="test_model_is_initialized_once_via_singleton" time="0.004" /><testcase classname="benchmark.test_reranker" name="test_original_hybrid_ranking_preserved_when_reranking_disabled" time="0.009" /><testcase classname="benchmark.test_reranker" name="test_no_benchmark_labels_leaked" time="0.004" /><testcase classname="benchmark.test_rrf_reconstruction" name="test_rrf_formula_toy_case" time="0.003" /><testcase classname="benchmark.test_rrf_reconstruction" name="test_frozen_baseline_v1_rrf_exact_reconstruction" time="9.655" /><testcase classname="benchmark.test_trust_evaluation" name="test_case1_relevant_at_rank_one_is_perfect" time="0.184" /><testcase classname="benchmark.test_trust_evaluation" name="test_case2_relevant_document_absent_scores_zero" time="0.039" /><testcase classname="benchmark.test_trust_evaluation" name="test_case3_lower_rank_scores_lower" time="0.038" /><testcase classname="benchmark.test_trust_evaluation" name="test_case4_graded_relevance_uses_linear_gain" time="0.057" /><testcase classname="benchmark.test_trust_evaluation" name="test_case5_query_with_no_results_counts_as_zero" time="0.055" /><testcase classname="benchmark.test_trust_evaluation" name="test_case5b_mteb_style_averaging_only_drops_absent_query_keys" time="0.003" /><testcase classname="benchmark.test_trust_evaluation" name="test_case6_tied_raw_scores_are_resolved_by_final_rank" time="0.039" /><testcase classname="benchmark.test_trust_evaluation" name="test_duplicate_documents_are_rejected" time="0.006" /><testcase classname="benchmark.test_trust_evaluation" name="test_randomized_cross_evaluator_agreement" time="0.378" /><testcase classname="benchmark.test_tune_bm25" name="test_load_corpus_and_queries_builds_sorted_unique_chunks" time="0.003" /><testcase classname="benchmark.test_tune_bm25" name="test_evaluate_config_ranks_the_lexically_matching_document_first" time="0.004" /><testcase classname="benchmark.test_tune_bm25" name="test_evaluate_config_is_sensitive_to_k1_b_but_stable_for_a_clear_match" time="0.005" /><testcase classname="benchmark.test_tune_bm25" name="test_main_grid_search_end_to_end" time="0.162" /><testcase classname="benchmark.test_verify_retrieval" name="test_bm25_pipeline_end_to_end" time="0.339"><failure message="AttributeError: 'Namespace' object has no attribute 'dense_windows'">tmp_path = WindowsPath('C:/Users/aarus/AppData/Local/Temp/pytest-of-aarus/pytest-7/test_bm25_pipeline_end_to_end0')
isolated_cache = None

    def test_bm25_pipeline_end_to_end(tmp_path, isolated_cache):
&gt;       assert verify_retrieval.full_run(_args(tmp_path, _export(tmp_path), "bm25")) == 0
               ^^^^^^^^^^^^^^^^^^^^^^^^^^^^^^^^^^^^^^^^^^^^^^^^^^^^^^^^^^^^^^^^^^^^^

benchmark\test_verify_retrieval.py:59: 
_ _ _ _ _ _ _ _ _ _ _ _ _ _ _ _ _ _ _ _ _ _ _ _ _ _ _ _ _ _ _ _ _ _ _ _ _ _ _ _

args = Namespace(data='C:\\Users\\aarus\\AppData\\Local\\Temp\\pytest-of-aarus\\pytest-7\\test_bm25_pipeline_end_to_end0\\app...', modes='bm25', max_queries=0, tag='t', trec_eval=None, allow_unknown_revision=False, skip_published_count_check=True)

    def full_run(args) -&gt; int:
        from backend.app.retrieval.embeddings import Embedder
        from backend.app.retrieval.search import CROSS_ENCODER_AVAILABLE, Retriever
        out = Path(args.out)
        (out / "runs").mkdir(parents=True, exist_ok=True)
        data = Path(args.data)
        corpus, queries, qrels = load_export(data, "test")
        data_stats = integrity.check_dataset(data, corpus, queries, qrels)
        meta = json.loads((data / "metadata.json").read_text()) if (data / "metadata.json").exists() else {}
        revision = meta.get("revision")
        if revision != EXPECTED_DATASET_REVISION and not args.allow_unknown_revision:
            raise integrity.IntegrityError(f"Dataset revision {revision!r} != expected {EXPECTED_DATASET_REVISION}")
        judged = evaluation.judged_queries(qrels)
        published = mteb_published_stats()
        if published and not getattr(args, "skip_published_count_check", False):  # independent check: MTEB ships its own counts for this task
            rel = published["relevant_docs_statistics"]
            integrity._check(data_stats["documents"] == published["num_documents"], f"Documents {data_stats['documents']} != MTEB's {published['num_documents']}")
            integrity._check(len(judged) == published["num_queries"], f"Judged queries {len(judged)} != MTEB's {published['num_queries']}")
            integrity._check(data_stats["positive_pairs"] == rel["num_relevant_docs"], f"Positive qrels {data_stats['positive_pairs']} != MTEB's {rel['num_relevant_docs']}")
        if args.split != "all":
            split = json.loads((ROOT / "benchmark/dev_split.json").read_text())
            keep = set(split["dev_query_ids" if args.split == "dev" else "confirmation_query_ids"])
            judged = [q for q in judged if q in keep]
        if args.max_queries:
            judged = judged[:args.max_queries]
        qrels_eval = {q: qrels[q] for q in judged}
    
        settings = Settings(ts_enrich=False)
        modes = args.modes.split(",")
        embedder, vectors, vector_stats, model_info = None, None, None, {"name": None}
        if set(modes) - {"bm25"}:
            embedder = Embedder(settings)
            if embedder.load() is None:
                raise integrity.IntegrityError(f"Dense/hybrid requested but model unavailable: {embedder.reason}")
            model_info = model_identity(embedder, settings)
        chunks = sorted((Chunk(d, d, "", d, "dataset_document", 1, max(1, len(t.splitlines())), t, t,
                               hashlib.sha256(t.encode()).hexdigest()) for d, t in corpus.items()), key=lambda c: c.chunk_id)
        integrity._check([c.chunk_id for c in chunks] == sorted(corpus), "Chunk order is not the sorted document id order")
        if embedder:
            vectors, vector_stats = load_vectors(chunks, embedder, settings, model_info)
            if args.dense_windows:
                window, overlap = (int(x) for x in args.dense_windows.split(":"))
                vectors, window_stats = load_window_vectors(chunks, embedder, settings, model_info, vectors, window, overlap)
                vector_stats = {"whole_document": vector_stats, "windows": window_stats}
        retriever = Retriever(chunks, vectors, embedder, settings)
        corpus_ids = set(corpus)
    
        qrels_path = out / "apps.qrels"
        qrels_sha = evaluation.write_qrels(qrels_eval, qrels_path)
        runs, reports, run_hashes, latency = {}, {}, {}, {}
        for mode in modes:
            rankings, times = {}, []
            for qid in judged:
                started = time.perf_counter()
                rows, _ = retriever.rank(queries[qid], mode=mode, boosts=False, limit=DEPTH)
                times.append((time.perf_counter() - started) * 1000)
                rankings[qid] = [r["chunk"].chunk_id for r in rows[:DEPTH]]
            integrity.check_rankings(rankings, corpus_ids, judged, DEPTH)
            run_path = out / "runs" / f"{args.tag}-{mode}.trec"
            run_hashes[mode] = evaluation.write_run(rankings, run_path, tag=f"astflow-{mode}")
            reports[mode] = evaluation.cross_check(rankings, qrels_eval, run_path, qrels_path, args.trec_eval)
            runs[mode] = rankings
            latency[mode] = {"median_ms": statistics.median(times), "mean_ms": statistics.fmean(times),
                             "p95_ms": float(np.percentile(times, 95))}
            agg = reports[mode]["evaluators"]["reference"]
            print(f"{mode:7s} ndcg@10={agg['ndcg@10']:.5f} mrr@10={agg['mrr@10']:.5f} r@10={agg['recall@10']:.5f} "
                  f"r@100={agg['recall@100']:.5f} agree={reports[mode]['agree']}")
    
        diag = {"buckets": {m: forensics.rank_buckets(r, qrels_eval, judged) for m, r in runs.items()},
                "mode_comparison": forensics.mode_comparison(runs, qrels_eval, judged)}
        if "hybrid" in runs:
            diag["oracle_ceiling_hybrid"] = {f"top{k}": forensics.oracle_ceiling(runs["hybrid"], qrels_eval, judged, k)
                                             for k in (10, 20, 50, 100, 500, 1000)}
        for mode, rep in reports.items():
            lines = [f"{q}\t" + "\t".join(f"{rep['per_query'][ev][q]['ndcg@10']:.6f}" for ev in rep["per_query"]) for q in judged]
            (out / f"per-query-{args.tag}-{mode}.tsv").write_text("query\t" + "\t".join(rep["per_query"]) + "\n" + "\n".join(lines) + "\n")
    
        manifest = {
            "generated_by": "benchmark/verify_retrieval.py", "timestamp": time.strftime("%Y-%m-%dT%H:%M:%SZ", time.gmtime()),
            "git": git_state(), "environment": integrity.environment(),
            "dataset": {"name": "CoIR-Retrieval/apps (MTEB AppsRetrieval)", "revision": revision, "split": "test",
                        "query_selection": args.split, "evaluated_queries": len(judged), **data_stats,
                        **integrity.fingerprint(corpus, queries, qrels), "qrels_file_sha256": qrels_sha},
            "retrieval_config": {"representation": (f"id-aligned sliding windows {args.dense_windows} (window:overlap word-pieces), max over windows, title\\ntext"
&gt;                                                   if args.dense_windows else "one vector per document (no windows), title\\ntext"), "depth": DEPTH,
                                                       ^^^^^^^^^^^^^^^^^^
                                 "candidates": settings.candidates, "rrf_k": settings.rrf_k,
                                 "lexical_weight": settings.lexical_weight, "semantic_weight": settings.semantic_weight,
                                 "bm25_k1": retriever.bm25.k1, "bm25_b": retriever.bm25.b, "dense_threshold": 0.05,
                                 "boosts": False, "reranker": "none (CROSS_ENCODER_AVAILABLE=%s)" % CROSS_ENCODER_AVAILABLE},
            "model": model_info, "vectors": vector_stats, "run_sha256": run_hashes, "latency": latency,
            "evaluation_protocol": "trec_eval -c semantics; canonical scores n-rank+1; linear gain NDCG; MRR@10 = RR within top 10",
            "evaluators": {m: {"aggregates": r["evaluators"], "agree": r["agree"], "disagreements": r["disagreements"][:20],
                               "trec_eval_binary": r.get("trec_eval_binary")} for m, r in reports.items()},
            "forensics": diag,
        }
E       AttributeError: 'Namespace' object has no attribute 'dense_windows'

benchmark\verify_retrieval.py:243: AttributeError</failure></testcase><testcase classname="benchmark.test_verify_retrieval" name="test_dense_and_hybrid_pipeline_with_injected_encoder" time="0.021"><failure message="AttributeError: 'Namespace' object has no attribute 'dense_windows'">tmp_path = WindowsPath('C:/Users/aarus/AppData/Local/Temp/pytest-of-aarus/pytest-7/test_dense_and_hybrid_pipeline0')
isolated_cache = None
monkeypatch = &lt;_pytest.monkeypatch.MonkeyPatch object at 0x0000025CF78B75F0&gt;

    def test_dense_and_hybrid_pipeline_with_injected_encoder(tmp_path, isolated_cache, monkeypatch):
        monkeypatch.setattr(Embedder, "load", lambda self, download=False: setattr(self, "model", object()) or self.model)
        monkeypatch.setattr(Embedder, "encode", lambda self, texts, **kw: np.stack([_vec(t) for t in texts]))
        monkeypatch.setattr(verify_retrieval, "model_identity", lambda e, s: {"name": "fake-bow", "weights_sha256": None})
&gt;       assert verify_retrieval.full_run(_args(tmp_path, _export(tmp_path), "bm25,dense,hybrid")) == 0
               ^^^^^^^^^^^^^^^^^^^^^^^^^^^^^^^^^^^^^^^^^^^^^^^^^^^^^^^^^^^^^^^^^^^^^^^^^^^^^^^^^^

benchmark\test_verify_retrieval.py:71: 
_ _ _ _ _ _ _ _ _ _ _ _ _ _ _ _ _ _ _ _ _ _ _ _ _ _ _ _ _ _ _ _ _ _ _ _ _ _ _ _

args = Namespace(data='C:\\Users\\aarus\\AppData\\Local\\Temp\\pytest-of-aarus\\pytest-7\\test_dense_and_hybrid_pipeline0\\ap...5,dense,hybrid', max_queries=0, tag='t', trec_eval=None, allow_unknown_revision=False, skip_published_count_check=True)

    def full_run(args) -&gt; int:
        from backend.app.retrieval.embeddings import Embedder
        from backend.app.retrieval.search import CROSS_ENCODER_AVAILABLE, Retriever
        out = Path(args.out)
        (out / "runs").mkdir(parents=True, exist_ok=True)
        data = Path(args.data)
        corpus, queries, qrels = load_export(data, "test")
        data_stats = integrity.check_dataset(data, corpus, queries, qrels)
        meta = json.loads((data / "metadata.json").read_text()) if (data / "metadata.json").exists() else {}
        revision = meta.get("revision")
        if revision != EXPECTED_DATASET_REVISION and not args.allow_unknown_revision:
            raise integrity.IntegrityError(f"Dataset revision {revision!r} != expected {EXPECTED_DATASET_REVISION}")
        judged = evaluation.judged_queries(qrels)
        published = mteb_published_stats()
        if published and not getattr(args, "skip_published_count_check", False):  # independent check: MTEB ships its own counts for this task
            rel = published["relevant_docs_statistics"]
            integrity._check(data_stats["documents"] == published["num_documents"], f"Documents {data_stats['documents']} != MTEB's {published['num_documents']}")
            integrity._check(len(judged) == published["num_queries"], f"Judged queries {len(judged)} != MTEB's {published['num_queries']}")
            integrity._check(data_stats["positive_pairs"] == rel["num_relevant_docs"], f"Positive qrels {data_stats['positive_pairs']} != MTEB's {rel['num_relevant_docs']}")
        if args.split != "all":
            split = json.loads((ROOT / "benchmark/dev_split.json").read_text())
            keep = set(split["dev_query_ids" if args.split == "dev" else "confirmation_query_ids"])
            judged = [q for q in judged if q in keep]
        if args.max_queries:
            judged = judged[:args.max_queries]
        qrels_eval = {q: qrels[q] for q in judged}
    
        settings = Settings(ts_enrich=False)
        modes = args.modes.split(",")
        embedder, vectors, vector_stats, model_info = None, None, None, {"name": None}
        if set(modes) - {"bm25"}:
            embedder = Embedder(settings)
            if embedder.load() is None:
                raise integrity.IntegrityError(f"Dense/hybrid requested but model unavailable: {embedder.reason}")
            model_info = model_identity(embedder, settings)
        chunks = sorted((Chunk(d, d, "", d, "dataset_document", 1, max(1, len(t.splitlines())), t, t,
                               hashlib.sha256(t.encode()).hexdigest()) for d, t in corpus.items()), key=lambda c: c.chunk_id)
        integrity._check([c.chunk_id for c in chunks] == sorted(corpus), "Chunk order is not the sorted document id order")
        if embedder:
            vectors, vector_stats = load_vectors(chunks, embedder, settings, model_info)
&gt;           if args.dense_windows:
               ^^^^^^^^^^^^^^^^^^
E           AttributeError: 'Namespace' object has no attribute 'dense_windows'

benchmark\verify_retrieval.py:199: AttributeError</failure></testcase><testcase classname="benchmark.test_verify_retrieval" name="test_duplicate_corpus_ids_fail_loudly" time="0.034" /><testcase classname="benchmark.test_verify_retrieval" name="test_wrong_dataset_revision_fails_loudly" time="0.032" /><testcase classname="benchmark.test_verify_retrieval" name="test_published_count_check_rejects_wrong_corpus" time="0.010"><skipped type="pytest.skip" message="mteb not installed">C:\Users\aarus\Downloads\ASTFLOW-main\ASTFLOW-repo\benchmark\test_verify_retrieval.py:95: mteb not installed</skipped></testcase><testcase classname="benchmark.test_verify_retrieval" name="test_self_test_passes" time="0.381" /></testsuite></testsuites>