<?xml version="1.0" encoding="utf-8"?><testsuites name="pytest tests"><testsuite name="pytest" errors="0" failures="0" skipped="1" tests="48" time="12.789" timestamp="2026-09-20T13:25:44.035308+05:30" hostname="LAPTOP-6OSFU3BD"><testcase classname="backend.tests.test_api_versions" name="test_end_to_end_api_and_source_snapshot" time="0.223" /><testcase classname="backend.tests.test_api_versions" name="test_git_versions_added_removed_modified_edges_and_ranks" time="1.902" /><testcase classname="backend.tests.test_audit_reliability" name="test_invalid_requests_and_empty_source" time="0.132" /><testcase classname="backend.tests.test_audit_reliability" name="test_corrupt_index_is_rejected_and_explicit_reindex_recovers" time="0.245" /><testcase classname="backend.tests.test_audit_reliability" name="test_missing_database_read_does_not_create_file" time="0.005" /><testcase classname="backend.tests.test_audit_reliability" name="test_indexed_revision_expression_remains_in_version_selector" time="0.670" /><testcase classname="backend.tests.test_audit_reliability" name="test_cross_file_neighborhood_depth_and_callsite_evidence" time="0.328" /><testcase classname="backend.tests.test_audit_retrieval" name="test_sparse_bm25_matches_reference_including_repeated_tokens" time="0.004" /><testcase classname="backend.tests.test_core" name="test_parser_spans_parameters_arrows_classes_unicode" time="0.002" /><testcase classname="backend.tests.test_core" name="test_imports_instances_cycles_aliases_and_determinism" time="0.002" /><testcase classname="backend.tests.test_core" name="test_no_phantom_edges_dynamic_shadowed_duplicate_names" time="0.001" /><testcase classname="backend.tests.test_core" name="test_default_import_remains_outside_supported_resolution" time="0.001" /><testcase classname="backend.tests.test_core" name="test_sequence_is_direct_block_only" time="0.001" /><testcase classname="backend.tests.test_core" name="test_reassignment_and_nested_function_this_are_not_verified" time="0.001" /><testcase classname="backend.tests.test_core" name="test_module_chunks_are_bounded_and_jsx_parses" time="0.006" /><testcase classname="backend.tests.test_core" name="test_discovery_filters_and_does_not_execute" time="0.029" /><testcase classname="backend.tests.test_core" name="test_real_lexical_search_graph_and_cache" time="0.083" /><testcase classname="backend.tests.test_core" name="test_agent_refines_from_observed_symbols" time="0.065" /><testcase classname="backend.tests.test_core" name="test_empty_and_single_document_retrieval" time="0.052" /><testcase classname="backend.tests.test_dataset_adapter" name="test_beir_export_adapter_preserves_ids_and_validates_qrels" time="0.046" /><testcase classname="backend.tests.test_enrichment" name="test_real_typescript_enrichment_confirms_imported_calls" time="0.697" /><testcase classname="backend.tests.test_enrichment" name="test_language_service_enrichment_failure_is_nonfatal" time="0.001" /><testcase classname="backend.tests.test_metrics_semantic" name="test_metrics_graded_order_duplicates_and_missing" time="0.001" /><testcase classname="backend.tests.test_metrics_semantic" name="test_actual_cpu_semantic_retrieval_and_persisted_vectors" time="0.006"><skipped type="pytest.skip" message="Optional semantic dependencies are not installed">C:\Users\ranja\OneDrive\Documents\ChatGPT\New project\ASTFLOW-main\backend\tests\test_metrics_semantic.py:24: Optional semantic dependencies are not installed</skipped></testcase><testcase classname="backend.tests.test_regressions" name="test_unsupported_cases_remain_unresolved_even_with_enrichment[function target(){} function run(){try {throw ()=&gt;42;} catch(target){target();}}]" time="0.678" /><testcase classname="backend.tests.test_regressions" name="test_unsupported_cases_remain_unresolved_even_with_enrichment[function target(){} function run(callbacks){for (const target of callbacks) target();}]" time="0.670" /><testcase classname="backend.tests.test_regressions" name="test_unsupported_cases_remain_unresolved_even_with_enrichment[function target(){} function run(replacement){target=replacement; target();}]" time="0.413" /><testcase classname="backend.tests.test_regressions" name="test_unsupported_cases_remain_unresolved_even_with_enrichment[function target(){} function run(){ target(); const x = ; }]" time="0.352" /><testcase classname="backend.tests.test_regressions" name="test_unsupported_cases_remain_unresolved_even_with_enrichment[class A{go(){}} class R{constructor(flag){if(flag){this.a=new A();}} run(){this.a.go();}}]" time="0.358" /><testcase classname="backend.tests.test_regressions" name="test_unsupported_cases_remain_unresolved_even_with_enrichment[class A{go(){}} class R{setup(){this.a=new A();} run(){this.a.go();}}]" time="0.398" /><testcase classname="backend.tests.test_regressions" name="test_unsupported_cases_remain_unresolved_even_with_enrichment[class A{go(){}} class R{constructor(){this.a=new A();} run(){delete this.a; this.a.go();}}]" time="0.383" /><testcase classname="backend.tests.test_regressions" name="test_unsupported_cases_remain_unresolved_even_with_enrichment[class A{static go(){}} class R{constructor(){this.a=new A();} run(){this.a.go();}}]" time="0.382" /><testcase classname="backend.tests.test_regressions" name="test_unsupported_cases_remain_unresolved_even_with_enrichment[class A{go(){}} class R{constructor(){this.a=new A();} run(x){this['a']=x; this.a.go();}}]" time="0.456" /><testcase classname="backend.tests.test_regressions" name="test_unsupported_cases_remain_unresolved_even_with_enrichment[class R{go(){const f=()=&gt;42;} run(replacement){this.go=replacement; this.go();}}]" time="0.373" /><testcase classname="backend.tests.test_regressions" name="test_unsupported_cases_remain_unresolved_even_with_enrichment[class A{go(){}} class R{constructor(A){this.a=new A();} run(){this.a.go();}}]" time="0.351" /><testcase classname="backend.tests.test_regressions" name="test_unsupported_cases_remain_unresolved_even_with_enrichment[class A{go(){}} class R{static run(){this.go();} go(){}}]" time="0.371" /><testcase classname="backend.tests.test_regressions" name="test_unsupported_cases_remain_unresolved_even_with_enrichment[class A{get go(){return ()=&gt;42;}} class R{constructor(){this.a=new A();} run(){this.a.go();}}]" time="0.356" /><testcase classname="backend.tests.test_regressions" name="test_duplicate_same_line_ids_do_not_crash_index" time="0.051" /><testcase classname="backend.tests.test_regressions" name="test_edge_multiplicity_and_line_movement" time="0.121" /><testcase classname="backend.tests.test_regressions" name="test_sequence_pair_direction_and_early_exits" time="0.051" /><testcase classname="backend.tests.test_regressions" name="test_supported_spans_and_reversed_traversal" time="0.001" /><testcase classname="backend.tests.test_regressions" name="test_frozen_import_boundaries[import A from './b.js';]" time="0.001" /><testcase classname="backend.tests.test_regressions" name="test_frozen_import_boundaries[import { A as Alias } from './b.js';]" time="0.001" /><testcase classname="backend.tests.test_regressions" name="test_frozen_import_boundaries[import * as ns from './b.js';]" time="0.001" /><testcase classname="backend.tests.test_regressions" name="test_security_guards_and_size_bounds" time="0.027" /><testcase classname="backend.tests.test_regressions" name="test_utf8_crlf_source_coordinates" time="0.001" /><testcase classname="backend.tests.test_regressions" name="test_map_and_passive_checkpoint" time="0.108" /><testcase classname="backend.tests.test_regressions" name="test_trace_ambiguity_and_depth_limits" time="0.002" /></testsuite></testsuites>